Arguments: 
  /Users/kylefahey/.nvm/versions/node/v10.16.3/bin/node /usr/local/bin/yarn

PATH: 
  /Users/kylefahey/.nvm/versions/node/v10.16.3/bin:/Users/kylefahey/.rbenv/shims:/usr/local/bin:/usr/bin:/bin:/usr/sbin:/sbin

Yarn version: 
  1.2.1

Node version: 
  10.16.3

Platform: 
  darwin x64

npm manifest: 
  

yarn manifest: 
  No manifest

Lockfile: 
  

Trace: 
  SyntaxError: /Users/kylefahey/Github/codetest/FE/package.json: Unexpected end of JSON input
      at JSON.parse (<anonymous>)
      at /usr/local/lib/node_modules/yarn/lib/cli.js:770:59
      at Generator.next (<anonymous>)
      at step (/usr/local/lib/node_modules/yarn/lib/cli.js:92:30)
      at /usr/local/lib/node_modules/yarn/lib/cli.js:103:13
